<?xml version="1.0" encoding="UTF-8"?>
<testsuite xmlns:xsi="http://www.w3.org/2001/XMLSchema-instance" xsi:noNamespaceSchemaLocation="https://maven.apache.org/surefire/maven-surefire-plugin/xsd/surefire-test-report.xsd" name="ru.netology.domain.RadioTest" time="0.069" tests="14" errors="0" skipped="0" failures="0">
  <properties>
[...]
</properties>
  <testcase name="radioLowerLimitTest" classname="ru.netology.domain.RadioTest" time="0.024"/>
  <testcase name="theVolumeIsMoreThan100" classname="ru.netology.domain.RadioTest" time="0.001"/>
  <testcase name="turningOnThe11RadioStation" classname="ru.netology.domain.RadioTest" time="0.002"/>
  <testcase name="testOfTheUpperLimitOfRadioValue" classname="ru.netology.domain.RadioTest" time="0.001"/>
  <testcase name="maxRadioStation" classname="ru.netology.domain.RadioTest" time="0.001"/>
  <testcase name="toggleVolumeDownLimit" classname="ru.netology.domain.RadioTest" time="0.001"/>
  <testcase name="lowerVolumeLimit" classname="ru.netology.domain.RadioTest" time="0.001"/>
  <testcase name="toggleVolumeUp" classname="ru.netology.domain.RadioTest" time="0.001"/>
  <testcase name="upperVolumeLimit" classname="ru.netology.domain.RadioTest" time="0.001"/>
  <testcase name="toggleVolumeUpLimit" classname="ru.netology.domain.RadioTest" time="0.001"/>
  <testcase name="toggleVolumeDown" classname="ru.netology.domain.RadioTest" time="0.001"/>
  <testcase name="setSwitchRadioStationOneStep" classname="ru.netology.domain.RadioTest" time="0.001"/>
  <testcase name="switchOneStationDown" classname="ru.netology.domain.RadioTest" time="0.001"/>
  <testcase name="minRadioStation" classname="ru.netology.domain.RadioTest" time="0.001"/>
</testsuite>